<?xml version="1.0" encoding="UTF-8"?>
<testng-results skipped="0" failed="1" total="1" passed="0">
  <reporter-output>
  </reporter-output>
  <suite name="Default suite" duration-ms="89007" started-at="2018-12-14T15:42:14Z" finished-at="2018-12-14T15:43:43Z">
    <groups>
    </groups>
    <test name="Default test" duration-ms="89007" started-at="2018-12-14T15:42:14Z" finished-at="2018-12-14T15:43:43Z">
      <class name="com.swift.digitalwallet.tests.SmokeTestDriver">
        <test-method status="PASS" signature="beforeSuite(org.testng.ITestContext)[pri:0, instance:com.swift.digitalwallet.tests.SmokeTestDriver@419c5f1a]" name="beforeSuite" is-config="true" duration-ms="7106" started-at="2018-12-14T09:42:06Z" finished-at="2018-12-14T09:42:14Z">
          <params>
            <param index="0">
              <value>
                <![CDATA[org.testng.TestRunner@27f3f512]]>
              </value>
            </param>
          </params>
          <reporter-output>
          </reporter-output>
        </test-method> <!-- beforeSuite -->
        <test-method status="PASS" signature="springTestContextBeforeTestClass()[pri:0, instance:com.swift.digitalwallet.tests.SmokeTestDriver@419c5f1a]" name="springTestContextBeforeTestClass" is-config="true" duration-ms="2" started-at="2018-12-14T09:42:14Z" finished-at="2018-12-14T09:42:14Z">
          <reporter-output>
          </reporter-output>
        </test-method> <!-- springTestContextBeforeTestClass -->
        <test-method status="PASS" signature="springTestContextPrepareTestInstance()[pri:0, instance:com.swift.digitalwallet.tests.SmokeTestDriver@419c5f1a]" name="springTestContextPrepareTestInstance" is-config="true" duration-ms="2" started-at="2018-12-14T09:42:14Z" depends-on-methods="org.springframework.test.context.testng.AbstractTestNGSpringContextTests.springTestContextBeforeTestClass" finished-at="2018-12-14T09:42:14Z">
          <reporter-output>
          </reporter-output>
        </test-method> <!-- springTestContextPrepareTestInstance -->
        <test-method status="PASS" signature="springTestContextBeforeTestMethod(java.lang.reflect.Method)[pri:0, instance:com.swift.digitalwallet.tests.SmokeTestDriver@419c5f1a]" name="springTestContextBeforeTestMethod" is-config="true" duration-ms="1" started-at="2018-12-14T09:42:14Z" finished-at="2018-12-14T09:42:14Z">
          <params>
            <param index="0">
              <value>
                <![CDATA[public void com.swift.digitalwallet.tests.SmokeTestDriver.testLogin()]]>
              </value>
            </param>
          </params>
          <reporter-output>
          </reporter-output>
        </test-method> <!-- springTestContextBeforeTestMethod -->
        <test-method status="FAIL" signature="testLogin()[pri:0, instance:com.swift.digitalwallet.tests.SmokeTestDriver@419c5f1a]" name="testLogin" duration-ms="88974" started-at="2018-12-14T09:42:14Z" finished-at="2018-12-14T09:43:43Z">
          <exception class="java.lang.ExceptionInInitializerError">
            <full-stacktrace>
              <![CDATA[java.lang.ExceptionInInitializerError
	at com.swift.digitalwallet.page.BankAccountPage.addBank(BankAccountPage.java:70)
	at sun.reflect.NativeMethodAccessorImpl.invoke0(Native Method)
	at sun.reflect.NativeMethodAccessorImpl.invoke(NativeMethodAccessorImpl.java:62)
	at sun.reflect.DelegatingMethodAccessorImpl.invoke(DelegatingMethodAccessorImpl.java:43)
	at java.lang.reflect.Method.invoke(Method.java:498)
	at org.springframework.util.ReflectionUtils.invokeMethod(ReflectionUtils.java:216)
	at org.springframework.util.ReflectionUtils.invokeMethod(ReflectionUtils.java:201)
	at com.consol.citrus.selenium.actions.PageAction.lambda$execute$0(PageAction.java:85)
	at org.springframework.util.ReflectionUtils.doWithMethods(ReflectionUtils.java:530)
	at org.springframework.util.ReflectionUtils.doWithMethods(ReflectionUtils.java:510)
	at com.consol.citrus.selenium.actions.PageAction.execute(PageAction.java:82)
	at com.consol.citrus.selenium.actions.AbstractSeleniumAction.doExecute(AbstractSeleniumAction.java:58)
	at com.consol.citrus.actions.AbstractTestAction.execute(AbstractTestAction.java:42)
	at com.consol.citrus.dsl.actions.DelegatingTestAction.doExecute(DelegatingTestAction.java:54)
	at com.consol.citrus.actions.AbstractTestAction.execute(AbstractTestAction.java:42)
	at com.consol.citrus.TestCase.executeAction(TestCase.java:234)
	at com.consol.citrus.dsl.runner.DefaultTestRunner.run(DefaultTestRunner.java:197)
	at com.consol.citrus.dsl.runner.DefaultTestRunner.selenium(DefaultTestRunner.java:541)
	at com.consol.citrus.dsl.testng.TestNGCitrusTestRunner.selenium(TestNGCitrusTestRunner.java:370)
	at com.swift.digitalwallet.tests.SmokeTestDriver.testLogin(SmokeTestDriver.java:635)
	at sun.reflect.NativeMethodAccessorImpl.invoke0(Native Method)
	at sun.reflect.NativeMethodAccessorImpl.invoke(NativeMethodAccessorImpl.java:62)
	at sun.reflect.DelegatingMethodAccessorImpl.invoke(DelegatingMethodAccessorImpl.java:43)
	at java.lang.reflect.Method.invoke(Method.java:498)
	at org.springframework.util.ReflectionUtils.invokeMethod(ReflectionUtils.java:216)
	at com.consol.citrus.dsl.testng.TestNGCitrusTest.invokeTestMethod(TestNGCitrusTest.java:139)
	at com.consol.citrus.dsl.testng.TestNGCitrusTest.run(TestNGCitrusTest.java:110)
	at com.consol.citrus.dsl.testng.TestNGCitrusTest.run(TestNGCitrusTest.java:56)
	at sun.reflect.NativeMethodAccessorImpl.invoke0(Native Method)
	at sun.reflect.NativeMethodAccessorImpl.invoke(NativeMethodAccessorImpl.java:62)
	at sun.reflect.DelegatingMethodAccessorImpl.invoke(DelegatingMethodAccessorImpl.java:43)
	at java.lang.reflect.Method.invoke(Method.java:498)
	at org.testng.internal.MethodInvocationHelper.invokeHookable(MethodInvocationHelper.java:212)
	at org.testng.internal.Invoker.invokeMethod(Invoker.java:707)
	at org.testng.internal.Invoker.invokeTestMethod(Invoker.java:901)
	at org.testng.internal.Invoker.invokeTestMethods(Invoker.java:1231)
	at org.testng.internal.TestMethodWorker.invokeTestMethods(TestMethodWorker.java:127)
	at org.testng.internal.TestMethodWorker.run(TestMethodWorker.java:111)
	at org.testng.TestRunner.privateRun(TestRunner.java:767)
	at org.testng.TestRunner.run(TestRunner.java:617)
	at org.testng.SuiteRunner.runTest(SuiteRunner.java:334)
	at org.testng.SuiteRunner.runSequentially(SuiteRunner.java:329)
	at org.testng.SuiteRunner.privateRun(SuiteRunner.java:291)
	at org.testng.SuiteRunner.run(SuiteRunner.java:240)
	at org.testng.SuiteRunnerWorker.runSuite(SuiteRunnerWorker.java:52)
	at org.testng.SuiteRunnerWorker.run(SuiteRunnerWorker.java:86)
	at org.testng.TestNG.runSuitesSequentially(TestNG.java:1224)
	at org.testng.TestNG.runSuitesLocally(TestNG.java:1149)
	at org.testng.TestNG.run(TestNG.java:1057)
	at org.testng.remote.AbstractRemoteTestNG.run(AbstractRemoteTestNG.java:114)
	at org.testng.remote.RemoteTestNG.initAndRun(RemoteTestNG.java:251)
	at org.testng.remote.RemoteTestNG.main(RemoteTestNG.java:77)
Caused by: java.lang.NullPointerException
	at com.swift.utils.GlobalVariables$CardProfileData.<clinit>(GlobalVariables.java:201)
	... 52 more
]]>
            </full-stacktrace>
          </exception> <!-- java.lang.ExceptionInInitializerError -->
          <reporter-output>
          </reporter-output>
        </test-method> <!-- testLogin -->
        <test-method status="PASS" signature="springTestContextAfterTestMethod(java.lang.reflect.Method)[pri:0, instance:com.swift.digitalwallet.tests.SmokeTestDriver@419c5f1a]" name="springTestContextAfterTestMethod" is-config="true" duration-ms="2" started-at="2018-12-14T09:43:43Z" finished-at="2018-12-14T09:43:43Z">
          <params>
            <param index="0">
              <value>
                <![CDATA[public void com.swift.digitalwallet.tests.SmokeTestDriver.testLogin()]]>
              </value>
            </param>
          </params>
          <reporter-output>
          </reporter-output>
        </test-method> <!-- springTestContextAfterTestMethod -->
        <test-method status="PASS" signature="springTestContextAfterTestClass()[pri:0, instance:com.swift.digitalwallet.tests.SmokeTestDriver@419c5f1a]" name="springTestContextAfterTestClass" is-config="true" duration-ms="0" started-at="2018-12-14T09:43:43Z" finished-at="2018-12-14T09:43:43Z">
          <reporter-output>
          </reporter-output>
        </test-method> <!-- springTestContextAfterTestClass -->
        <test-method status="PASS" signature="afterSuite(org.testng.ITestContext)[pri:0, instance:com.swift.digitalwallet.tests.SmokeTestDriver@419c5f1a]" name="afterSuite" is-config="true" duration-ms="55" started-at="2018-12-14T09:43:43Z" finished-at="2018-12-14T09:43:43Z">
          <params>
            <param index="0">
              <value>
                <![CDATA[org.testng.TestRunner@27f3f512]]>
              </value>
            </param>
          </params>
          <reporter-output>
          </reporter-output>
        </test-method> <!-- afterSuite -->
      </class> <!-- com.swift.digitalwallet.tests.SmokeTestDriver -->
    </test> <!-- Default test -->
  </suite> <!-- Default suite -->
</testng-results>
